Arguments: 
  C:\Program Files\nodejs\node.exe C:\Users\PC\AppData\Roaming\npm\node_modules\yarn\bin\yarn.js install

PATH: 
  C:\Users\PC\bin;C:\Program Files\Git\mingw64\bin;C:\Program Files\Git\usr\local\bin;C:\Program Files\Git\usr\bin;C:\Program Files\Git\usr\bin;C:\Program Files\Git\mingw64\bin;C:\Program Files\Git\usr\bin;C:\Users\PC\bin;C:\Windows\system32;C:\Windows;C:\Windows\System32\Wbem;C:\Windows\System32\WindowsPowerShell\v1.0;C:\Windows\System32\OpenSSH;C:\Program Files (x86)\NVIDIA Corporation\PhysX\Common;C:\Program Files\Intel\WiFi\bin;C:\Program Files\Common Files\Intel\WirelessCommon;C:\Program Files\nodejs;C:\ProgramData\chocolatey\bin;C:\Program Files\Git\cmd;C:\laragon\bin\php\php-7.2.19-Win32-VC15-x64;C:\ProgramData\ComposerSetup\bin;C:\Users\PC\AppData\Local\Microsoft\WindowsApps;C:\Users\PC\AppData\Local\Programs\Microsoft VS Code\bin;C:\Users\PC\AppData\Roaming\npm;C:\Users\PC\AppData\Local\Android\Sdk\build-tools;C:\Users\PC\AppData\Roaming\Composer\vendor\bin;C:\Program Files\Git\usr\bin\vendor_perl;C:\Program Files\Git\usr\bin\core_perl

Yarn version: 
  1.22.0

Node version: 
  12.16.1

Platform: 
  win32 x64

Trace: 
  Error: connect EHOSTUNREACH 104.16.18.35:443
      at TCPConnectWrap.afterConnect [as oncomplete] (net.js:1137:16)

npm manifest: 
  {
    "name": "unujobs_client",
    "version": "1.0.0",
    "description": "Sistema Finanaciero para Entidades Publicas",
    "main": "index.js",
    "scripts": {
      "dev": "next",
      "build": "next build",
      "start": "next start",
      "test": "echo \"Error: no test specified\" && exit 1"
    },
    "keywords": [],
    "author": "",
    "license": "ISC",
    "dependencies": {
      "alertifyjs": "^1.13.1",
      "atob": "^2.1.2",
      "axios": "^0.19.0",
      "bootstrap": "^4.4.1",
      "btoa": "^1.2.1",
      "dotenv": "^8.2.0",
      "js-cookie": "^2.2.1",
      "next": "^9.1.6",
      "next-cookies": "^2.0.3",
      "next-redux-wrapper": "^4.0.1",
      "node-fetch": "^2.6.0",
      "nookies": "^2.0.8",
      "react": "^16.12.0",
      "react-bootstrap": "^1.0.0-beta.16",
      "react-csv": "^1.1.2",
      "react-csv-reader": "^2.0.2",
      "react-dom": "^16.12.0",
      "react-redux": "^7.2.0",
      "redux": "^4.0.5",
      "redux-devtools-extension": "^2.13.8",
      "redux-thunk": "^2.3.0",
      "semantic-ui-react": "^0.88.2",
      "sweetalert2": "^9.5.4"
    }
  }

yarn manifest: 
  No manifest

Lockfile: 
  No lockfile
